3	rpart.scode.gz	1	1	0.482947	0.744669721222117	0.741030003134985	0.613872978084221	0.671484676290097	6
1	rpart.scode.gz	1	1	0.482153	0.739306642039384	0.732389887514086	0.597040301024231	0.65782510834853	7
15	rpart.scode.gz	1	1	0.501427	0.716434110376344	0.715090348984288	0.596617814435842	0.650503904805723	7
7	rpart.scode.gz	1	1	0.493307	0.756045072016058	0.741344113563973	0.618689547967954	0.674486032930929	7
9	rpart.scode.gz	1	1	0.507282	0.741074456067053	0.729569254069437	0.608479187988304	0.663545045670696	7
11	rpart.scode.gz	1	1	0.487096	0.746567884910621	0.73680869198137	0.606166944904208	0.665133546030613	7
17	rpart.scode.gz	1	1	0.494817	0.72881647619713	0.722718302974051	0.595724656989643	0.653105407231586	7
19	rpart.scode.gz	1	1	0.492192	0.71887752754808	0.721017930955558	0.593226317572231	0.650909163290542	7
13	rpart.scode.gz	1	1	0.480410	0.75437097343082	0.742547815120676	0.612140452587374	0.671067383472307	7
5	rpart.scode.gz	1	1	0.492243	0.73567303874878	0.733129077872673	0.607754131288833	0.664580215190722	7
23	rpart.scode.gz	1	2	0.497656	0.735651739784591	0.727355610737392	0.604753912479285	0.660412892019614	6
21	rpart.scode.gz	1	2	0.480845	0.74658577604054	0.733435803639564	0.60629373904855	0.663831798242624	7
29	rpart.scode.gz	1	2	0.492344	0.757294043276087	0.741459779228076	0.614464602347714	0.672015039468095	7
25	rpart.scode.gz	1	2	0.477804	0.752830632340688	0.744289095008342	0.611100225528973	0.671150682577377	7
27	rpart.scode.gz	1	2	0.485131	0.738954783150986	0.728363989545611	0.596870885612675	0.656093900994787	7
31	rpart.scode.gz	1	2	0.491785	0.723642531816393	0.726367025889744	0.603759755019071	0.659412597204427	7
35	rpart.scode.gz	1	2	0.476805	0.753829127781858	0.735548010603828	0.604069007496109	0.66335639324947	6
33	rpart.scode.gz	1	2	0.483054	0.740920251566326	0.733326385775838	0.601902026711546	0.661146263383158	6
37	rpart.scode.gz	1	2	0.481233	0.760244375795516	0.751906092693193	0.626406271865136	0.683442598975092	7
39	rpart.scode.gz	1	2	0.482594	0.746780874552509	0.736596289494442	0.60891480599398	0.666697418129545	6
8	rpart.scode.gz	0	1	0.482070	0.767511582376726	0.753664435157071	0.621707180734964	0.681355621691836	35
18	rpart.scode.gz	0	1	0.485575	0.750933320610752	0.739069648506742	0.609658830336868	0.668155740038091	38
2	rpart.scode.gz	0	1	0.495101	0.729676954350356	0.725111826956549	0.598729259620038	0.655887888202829	40
20	rpart.scode.gz	0	1	0.469487	0.756546875612345	0.744704868020059	0.613036793333223	0.67248652268006	41
16	rpart.scode.gz	0	1	0.485085	0.727980704842362	0.725054563686575	0.59221538162585	0.651936934659765	42
6	rpart.scode.gz	0	1	0.477990	0.7408631703423	0.732613805491545	0.597992935446176	0.658493402469224	43
41	rpart.scode.gz	1	3	0.484082	0.723999502456197	0.725921355523316	0.59798512652152	0.655771656857229	8
12	rpart.scode.gz	0	1	0.496409	0.728460357515893	0.726766391537241	0.602545376145134	0.658851804978653	44
10	rpart.scode.gz	0	1	0.491422	0.750350580950547	0.735030161979707	0.608330270825098	0.665705326109902	44
43	rpart.scode.gz	1	3	0.483599	0.741272962413292	0.743204020544196	0.609717022224162	0.669875222554015	8
14	rpart.scode.gz	0	1	0.493280	0.754798656631731	0.745481521295427	0.617137934683382	0.675265459300825	48
45	rpart.scode.gz	1	3	0.476061	0.74948328712878	0.735128175214894	0.608275112172611	0.66571248922529	7
4	rpart.scode.gz	0	1	0.485388	0.74370871195792	0.733270479257079	0.607104061642992	0.66424939098133	50
47	rpart.scode.gz	1	3	0.479032	0.742371988965433	0.738589908717467	0.607737401350385	0.666804733783421	8
49	rpart.scode.gz	1	3	0.485506	0.733152945305964	0.72813162259862	0.597917206582836	0.656631062488906	8
51	rpart.scode.gz	1	3	0.477551	0.745195379658296	0.735168205402953	0.599102691038128	0.660197642618715	8
53	rpart.scode.gz	1	3	0.479838	0.742175186536328	0.744517327008252	0.605252620382572	0.667700542545116	7
55	rpart.scode.gz	1	3	0.481555	0.71975760074836	0.723262577322252	0.589442119259927	0.649531349233709	8
57	rpart.scode.gz	1	3	0.492902	0.742763889906506	0.730683600552787	0.601955016836332	0.660101926108833	7
24	rpart.scode.gz	0	2	0.478973	0.757408205724139	0.747403436663379	0.61243714865616	0.67322248591128	59
22	rpart.scode.gz	0	2	0.483152	0.744965350845058	0.738241703687678	0.609160557641132	0.667518143317977	60
30	rpart.scode.gz	0	2	0.487895	0.731130395666598	0.727029920011876	0.595447726987869	0.654692824949241	63
59	rpart.scode.gz	1	3	0.487103	0.733290962593907	0.727582783156971	0.598298408115879	0.656637448061898	8
28	rpart.scode.gz	0	2	0.484972	0.740830795916733	0.734854914467512	0.602115534116135	0.66189579551472	66
26	rpart.scode.gz	0	2	0.480866	0.748005990972647	0.741680573505542	0.612559212883184	0.670964289904407	67
61	rpart.scode.gz	1	4	0.479621	0.74270340084821	0.737523578858396	0.601386621729418	0.662534071875346	8
36	rpart.scode.gz	0	2	0.485955	0.73944039953449	0.730394825058235	0.606653538366811	0.662798171176589	56
65	rpart.scode.gz	1	4	0.493812	0.748913326847089	0.734337230949404	0.598267685074732	0.659355567342559	8
63	rpart.scode.gz	1	4	0.474393	0.741282333957535	0.739905690918909	0.609430086354054	0.668359642878346	10
67	rpart.scode.gz	1	4	0.481319	0.747925906867297	0.736603083834723	0.611271944756273	0.668110603755015	9
69	rpart.scode.gz	1	4	0.475990	0.755462332355853	0.745668052112726	0.610282591785858	0.671216512935707	7
34	rpart.scode.gz	0	2	0.469645	0.757617787531757	0.74442175963798	0.608818907082319	0.669826222721353	76
32	rpart.scode.gz	0	2	0.481820	0.744834149225655	0.735683763597981	0.602978514086304	0.662753421840054	76
38	rpart.scode.gz	0	2	0.485400	0.742788596704965	0.736023938249111	0.603985623554153	0.663499559952304	75
40	rpart.scode.gz	0	2	0.485855	0.736227663776255	0.739537245293851	0.607342222690022	0.66695232200867	63
71	rpart.scode.gz	1	4	0.479304	0.755648911282147	0.741718818360418	0.610507874605072	0.66974743466828	8
73	rpart.scode.gz	1	4	0.478589	0.745528495458209	0.737306856819329	0.606225963907239	0.665371999962004	9
75	rpart.scode.gz	1	4	0.491806	0.733199803027179	0.738361861821046	0.610494971197062	0.668367750425885	8
77	rpart.scode.gz	1	4	0.481352	0.747563824476088	0.734509134038193	0.607332403615163	0.664894006236895	9
79	rpart.scode.gz	1	4	0.485671	0.751164201382558	0.741865671439763	0.608510544354309	0.66860342811966	8
44	rpart.scode.gz	0	3	0.475125	0.756989042108904	0.747866932241649	0.611743709361891	0.672991042051599	80
52	rpart.scode.gz	0	3	0.482925	0.744301675120935	0.742987609343519	0.613027899415154	0.6717801242027	76
81	rpart.scode.gz	1	6	0.477737	0.748532501367393	0.7355854743105	0.604256446402529	0.663484636300437	9
50	rpart.scode.gz	0	3	0.482476	0.749503734134402	0.735124552027611	0.608712258648473	0.665972717665841	93
83	rpart.scode.gz	1	6	0.481101	0.727863986518608	0.731056821482277	0.605709401321313	0.662506251456884	13
48	rpart.scode.gz	0	3	0.487515	0.727636513581072	0.726843315188467	0.599937208885355	0.657320999063572	100
56	rpart.scode.gz	0	3	0.477442	0.761398779654548	0.750281403811305	0.613862772580702	0.675250945948396	90
58	rpart.scode.gz	0	3	0.484502	0.732247313348657	0.732683642310359	0.601433742542129	0.660602537823673	89
46	rpart.scode.gz	0	3	0.485134	0.753022323018387	0.743998210094133	0.617436197206	0.674834458576045	109
85	rpart.scode.gz	1	6	0.481934	0.737037876373996	0.732577724563847	0.60699307263045	0.663898623208246	11
87	rpart.scode.gz	1	6	0.477809	0.756490646346887	0.737645381617714	0.602986494222947	0.663553076212665	11
60	rpart.scode.gz	0	3	0.479274	0.743472719434708	0.739164425376909	0.608678253645442	0.667605082696439	96
42	rpart.scode.gz	0	3	0.476041	0.754241475728552	0.74055445972174	0.609529798912893	0.668684206976442	127
89	rpart.scode.gz	1	6	0.481054	0.742989658926907	0.735894912908578	0.602307181601952	0.66243326440361	13
91	rpart.scode.gz	1	6	0.472990	0.75419376604877	0.740055427417664	0.604755414035217	0.665599224249948	11
54	rpart.scode.gz	0	3	0.476536	0.754927302375431	0.740540883929563	0.611595299045946	0.669919685702034	119
93	rpart.scode.gz	1	6	0.479845	0.734112250653026	0.727997847775407	0.598296508034556	0.656805283491845	9
95	rpart.scode.gz	1	6	0.480487	0.736088794529744	0.729387822575257	0.602042097270386	0.659624915861282	13
97	rpart.scode.gz	1	6	0.476123	0.740518127122442	0.737215902790072	0.597564043487296	0.660084408704219	12
62	rpart.scode.gz	0	4	0.480398	0.745964698244795	0.736731583919882	0.603339064372051	0.663396284519959	118
70	rpart.scode.gz	0	4	0.481408	0.747870529560406	0.739344221370438	0.60199419177833	0.663637039880273	109
99	rpart.scode.gz	1	6	0.476442	0.743097005706418	0.733733473070442	0.602239368306993	0.661515218935202	14
68	rpart.scode.gz	0	4	0.481660	0.729095066648719	0.729543297723474	0.598333277873121	0.65745573150296	118
101	rpart.scode.gz	1	8	0.483142	0.740286394392068	0.740004116242674	0.609171576814256	0.668244286730666	15
74	rpart.scode.gz	0	4	0.479528	0.725920669026024	0.730517305233309	0.599219276583544	0.658386115204213	115
103	rpart.scode.gz	1	8	0.475481	0.754547328854303	0.739811962751229	0.600920301921716	0.66317196913317	13
66	rpart.scode.gz	0	4	0.484117	0.739208666804116	0.724708596937318	0.59923877932443	0.656028332819146	141
64	rpart.scode.gz	0	4	0.474326	0.736011266300097	0.735441199449526	0.603475854244212	0.662955191824317	147
78	rpart.scode.gz	0	4	0.473571	0.750195524491253	0.735879348050326	0.603400739128467	0.663087798846162	117
105	rpart.scode.gz	1	8	0.480546	0.761128708788634	0.749842827835676	0.621202215036859	0.679487560241053	13
76	rpart.scode.gz	0	4	0.477739	0.742101066140951	0.734442686987038	0.603445510460723	0.662530909531166	128
80	rpart.scode.gz	0	4	0.484819	0.745865019092391	0.73584570803001	0.606118029801997	0.664711479477009	112
72	rpart.scode.gz	0	4	0.484193	0.732210679130253	0.7251642870477	0.591471306731883	0.651530112784117	141
107	rpart.scode.gz	1	8	0.476572	0.757575189603379	0.741301579020112	0.611668882446369	0.670274956193039	18
111	rpart.scode.gz	1	8	0.471480	0.743276768964172	0.739564618450767	0.609820761493592	0.668455232286512	13
109	rpart.scode.gz	1	8	0.479587	0.738094304997759	0.734688309836878	0.598990052238255	0.659935711041003	18
113	rpart.scode.gz	1	8	0.475533	0.751057706561615	0.739078611932407	0.605574075007349	0.665698809998712	12
115	rpart.scode.gz	1	8	0.479874	0.739364575221978	0.735406932187042	0.600110443462605	0.660905486138751	15
117	rpart.scode.gz	1	8	0.481706	0.74391062613843	0.732684832431604	0.606919568788861	0.663898628807722	15
119	rpart.scode.gz	1	8	0.477981	0.754802064466001	0.742953124756958	0.617115278710807	0.674212743247986	15
90	rpart.scode.gz	0	6	0.482889	0.744021380752211	0.734467914434737	0.604229035441106	0.663013148035485	125
82	rpart.scode.gz	0	6	0.481388	0.74843963788353	0.740945652592064	0.60739032860348	0.667553532178484	162
121	rpart.scode.gz	1	10	0.473666	0.753474713017756	0.741706912908565	0.609572967533422	0.669179628122404	18
88	rpart.scode.gz	0	6	0.471739	0.761924438090727	0.748351415626883	0.610645690051367	0.67252176577422	156
123	rpart.scode.gz	1	10	0.481119	0.74057776422217	0.733439352525068	0.601040982943789	0.660672319635857	17
86	rpart.scode.gz	0	6	0.481722	0.731207071937678	0.730014973914365	0.598761505478104	0.657905782622482	173
84	rpart.scode.gz	0	6	0.479854	0.745335100863375	0.731571109788248	0.601537367059469	0.6602123785746	180
94	rpart.scode.gz	0	6	0.482083	0.735288805434814	0.737862848876038	0.604869067301679	0.664779629975128	167
125	rpart.scode.gz	1	10	0.478171	0.745332544987672	0.736648147487828	0.605164802965319	0.664464493174982	18
127	rpart.scode.gz	1	10	0.476615	0.756328774219052	0.737181622006546	0.610282343607631	0.667756525477947	19
96	rpart.scode.gz	0	6	0.482612	0.730086746421348	0.724804165374614	0.600166853227259	0.656623320860124	171
92	rpart.scode.gz	0	6	0.479351	0.743761533389108	0.737862210739195	0.606330950261401	0.665661317702949	187
129	rpart.scode.gz	1	10	0.475057	0.736560779576168	0.735570754630026	0.605338824429582	0.664130591422566	16
98	rpart.scode.gz	0	6	0.476761	0.726453995089311	0.730487108497753	0.601280227964995	0.659615900010932	172
131	rpart.scode.gz	1	10	0.476119	0.737416997936556	0.732219662468937	0.601794198903569	0.660631134287579	19
133	rpart.scode.gz	1	10	0.477777	0.743406266666439	0.741535894130794	0.611112578294499	0.670036482350317	16
135	rpart.scode.gz	1	10	0.482235	0.751097748614289	0.736203123542509	0.605527247676896	0.664501692280664	19
100	rpart.scode.gz	0	6	0.479974	0.755953060490762	0.739161111429406	0.614480421678708	0.671078746227222	193
137	rpart.scode.gz	1	10	0.475278	0.744387722936258	0.736548151803449	0.60249303474904	0.662810278989819	17
139	rpart.scode.gz	1	10	0.478112	0.72639861778242	0.731106780646711	0.601336594045584	0.659902356389821	17
102	rpart.scode.gz	0	8	0.477417	0.74187188928628	0.738151620257574	0.606144806962215	0.665666831080137	220
106	rpart.scode.gz	0	8	0.475843	0.748652627525418	0.735283402046779	0.600066325974234	0.660828845593779	223
116	rpart.scode.gz	0	8	0.476629	0.746371934440084	0.736385876995925	0.60474808105538	0.664106584366321	197
141	rpart.scode.gz	1	16	0.476576	0.750232158709658	0.73684959563052	0.603883675519337	0.66377325257644	22
118	rpart.scode.gz	0	8	0.483174	0.750156334397146	0.740470941531125	0.610513587113763	0.669241669438097	191
104	rpart.scode.gz	0	8	0.477800	0.746174280052412	0.732280049279031	0.599356191165389	0.659183894027706	245
112	rpart.scode.gz	0	8	0.480935	0.743918293765538	0.732847761554477	0.596723144048269	0.657817072471626	227
110	rpart.scode.gz	0	8	0.473172	0.726942167348517	0.729704873223053	0.599345524513421	0.658132077950873	236
143	rpart.scode.gz	1	16	0.477727	0.744474622710148	0.73561960668671	0.600612839815271	0.661295992553557	24
114	rpart.scode.gz	0	8	0.478533	0.736502846393574	0.729412029403103	0.596455283574303	0.656267266840071	229
145	rpart.scode.gz	1	16	0.480447	0.729029465839017	0.724713392524038	0.591604026989474	0.651428530952482	26
108	rpart.scode.gz	0	8	0.476705	0.749405758899133	0.735435289595475	0.601866299096296	0.661980393527614	254
147	rpart.scode.gz	1	16	0.470435	0.770947531279659	0.751582873130889	0.61339674127245	0.675495048145746	23
149	rpart.scode.gz	1	16	0.475022	0.750580609763786	0.741212535081333	0.606237482149544	0.666964733770002	19
151	rpart.scode.gz	1	16	0.474444	0.768306459720251	0.750168860872114	0.618046366873629	0.677728371387338	27
153	rpart.scode.gz	1	16	0.477394	0.750842161044024	0.74204738567805	0.607194397262818	0.667881799665524	25
155	rpart.scode.gz	1	16	0.476051	0.734852602648228	0.737892812747438	0.607460278837201	0.666353801968166	28
120	rpart.scode.gz	0	8	0.475553	0.752298158235969	0.747974228956613	0.611613811338709	0.672955859270308	253
122	rpart.scode.gz	0	10	0.476254	0.757647606081621	0.738921252523046	0.605491950682541	0.665585356532009	247
157	rpart.scode.gz	1	16	0.475976	0.743610736722652	0.738360468156948	0.608642186949587	0.667255299597939	23
159	rpart.scode.gz	1	16	0.477810	0.727587099984154	0.72359337026486	0.596927633471449	0.654185547803803	26
124	rpart.scode.gz	0	10	0.476854	0.757533443633569	0.742715796626159	0.610727452762535	0.670285845830426	260
128	rpart.scode.gz	0	10	0.474986	0.743312551224009	0.738325558765063	0.60382781831562	0.664337651670594	263
161	rpart.scode.gz	1	25	0.473349	0.767151203902652	0.7482880881836	0.612348031041116	0.673527228884437	42
132	rpart.scode.gz	0	10	0.473795	0.770001857269677	0.74973271829083	0.615762613220026	0.676175695629092	262
126	rpart.scode.gz	0	10	0.474030	0.749655382759426	0.746736314922557	0.613339993586233	0.67349639684169	294
134	rpart.scode.gz	0	10	0.475779	0.750486894321355	0.739859251929559	0.609690007187975	0.668496966049221	264
163	rpart.scode.gz	1	25	0.476533	0.738664265279451	0.7403654999137	0.605559554550717	0.666211541044334	37
130	rpart.scode.gz	0	10	0.472890	0.756413970075807	0.74271060265308	0.613807645466912	0.67213463130276	295
138	rpart.scode.gz	0	10	0.478901	0.745061622163191	0.73973409927573	0.608174349273431	0.667533918860182	258
165	rpart.scode.gz	1	25	0.479017	0.752676427839961	0.736735318460053	0.605725579082366	0.664837878289928	37
167	rpart.scode.gz	1	25	0.477116	0.751644706014657	0.739091293792232	0.607177026688505	0.666671342390172	35
136	rpart.scode.gz	0	10	0.476400	0.756652518474722	0.748153868182692	0.613443193228537	0.674134677477334	301
169	rpart.scode.gz	1	25	0.473660	0.760637980653725	0.743399694063339	0.607465266040152	0.66859309592834	36
171	rpart.scode.gz	1	25	0.476145	0.753795901397723	0.743174395730759	0.608883032431481	0.669359555700292	35
140	rpart.scode.gz	0	10	0.477841	0.741810548269417	0.73247116731533	0.601177657456132	0.660361696935094	281
173	rpart.scode.gz	1	25	0.477601	0.754540513185763	0.739656830881862	0.61152597226133	0.669516162568908	40
175	rpart.scode.gz	1	25	0.477184	0.749465395998862	0.738328926160497	0.603435419810519	0.664101452470005	37
177	rpart.scode.gz	1	25	0.476811	0.757199475875089	0.740236908166396	0.610259927478101	0.668993676950981	39
179	rpart.scode.gz	1	25	0.472521	0.745059066287488	0.736834941416737	0.601693698296534	0.662442218688898	41
144	rpart.scode.gz	0	16	0.474602	0.741994571320008	0.741861529572018	0.609450357062401	0.669168647978959	391
146	rpart.scode.gz	0	16	0.475962	0.752399541305507	0.743297079806938	0.611902552489405	0.671230082347498	417
181	rpart.scode.gz	1	32	0.475826	0.751442791834148	0.739861279345071	0.605366675156957	0.665890656309318	49
150	rpart.scode.gz	0	16	0.477624	0.7491493193703	0.742148400618089	0.607359688217849	0.668022703886996	427
142	rpart.scode.gz	0	16	0.478133	0.742847381846126	0.733400611022201	0.604590242500997	0.662795043928309	465
148	rpart.scode.gz	0	16	0.475623	0.747668615379897	0.744044247818831	0.606466683201133	0.668247900502033	459
156	rpart.scode.gz	0	16	0.480202	0.76707537959014	0.751989532982848	0.618737992887597	0.67888692030872	420
183	rpart.scode.gz	1	32	0.469833	0.7628939669406	0.742682905798992	0.607195375772908	0.668139686700656	52
185	rpart.scode.gz	1	32	0.475005	0.754009742998178	0.74789976134805	0.617035903491239	0.676194515026629	41
154	rpart.scode.gz	0	16	0.474349	0.744881858905438	0.734807888390887	0.601723288646701	0.661639663514812	479
187	rpart.scode.gz	1	32	0.475914	0.740289802226338	0.734028627711721	0.597283941055295	0.658633474801652	46
152	rpart.scode.gz	0	16	0.476053	0.746060117604361	0.736590169906782	0.610436996348975	0.667606269750175	503
189	rpart.scode.gz	1	32	0.471817	0.746254364157762	0.734482761432126	0.599521438019289	0.660175075183793	47
158	rpart.scode.gz	0	16	0.476316	0.744259077192558	0.737956141429867	0.606839224082196	0.666005763786185	470
160	rpart.scode.gz	0	16	0.476556	0.76126928195228	0.74762072417008	0.612791306125805	0.673524593797161	471
191	rpart.scode.gz	1	32	0.474641	0.752040866748568	0.739666269857501	0.610005811809846	0.668607922682056	50
193	rpart.scode.gz	1	32	0.474162	0.739916644373751	0.73174332496013	0.599323817414531	0.658946778748244	48
195	rpart.scode.gz	1	32	0.475433	0.758611171221521	0.745458177040618	0.610684014417842	0.671374130239522	50
197	rpart.scode.gz	1	32	0.475510	0.749001930538114	0.742974766708631	0.610258456563723	0.670108635525494	49
199	rpart.scode.gz	1	32	0.473497	0.752962685918658	0.739512128891631	0.608812150839605	0.667827430730882	53
166	rpart.scode.gz	0	25	0.475750	0.741229512526347	0.734369595202613	0.599715220974424	0.660246812981326	546
162	rpart.scode.gz	0	25	0.472769	0.736335010555767	0.735641302481781	0.601029546075557	0.661557269064793	631
164	rpart.scode.gz	0	25	0.474646	0.767710088722965	0.753742982572515	0.620730598716977	0.680800765063834	595
201	rpart.scode.gz	1	45	0.472568	0.768812523109376	0.750272701267053	0.619459981592213	0.678619878947258	70
170	rpart.scode.gz	0	25	0.473749	0.757172213200928	0.747932511936904	0.611031482780234	0.672586343074492	594
203	rpart.scode.gz	1	45	0.477474	0.736887931666107	0.731307271255861	0.599875153371397	0.659102844794642	67
172	rpart.scode.gz	0	25	0.473478	0.768569714917624	0.754356231378744	0.622002019888017	0.681815361953681	630
168	rpart.scode.gz	0	25	0.474339	0.754774801791839	0.74084257926845	0.610137741766072	0.669167435352234	657
174	rpart.scode.gz	0	25	0.475187	0.744115948153209	0.737164603525285	0.608334449305344	0.666581848853068	628
205	rpart.scode.gz	1	45	0.473215	0.748066480030943	0.734380929836143	0.605090579783425	0.663495982445569	66
176	rpart.scode.gz	0	25	0.474478	0.763277348295998	0.748298808960086	0.618382160495079	0.677165548540716	644
207	rpart.scode.gz	1	45	0.473316	0.750454519895788	0.737274784013456	0.60432445562321	0.664212037887435	62
180	rpart.scode.gz	0	25	0.477412	0.761904843043673	0.747855396581071	0.614741493606316	0.67479640795682	564
178	rpart.scode.gz	0	25	0.474847	0.74955996339986	0.738461746911974	0.606516895606407	0.666017306300853	641
209	rpart.scode.gz	1	45	0.474696	0.749789140254531	0.741534907720801	0.608787244027647	0.668635987696868	66
211	rpart.scode.gz	1	45	0.474407	0.749139947826057	0.737397869247309	0.603175575495124	0.663567350071716	51
213	rpart.scode.gz	1	45	0.475316	0.743902958511322	0.73687949862248	0.606711834535576	0.665490318979764	46
215	rpart.scode.gz	1	45	0.475091	0.746256068074897	0.739733511479829	0.602232062282843	0.663938400311024	55
217	rpart.scode.gz	1	45	0.473337	0.752143101776674	0.73993440632483	0.604372313837814	0.665318208309845	54
219	rpart.scode.gz	1	45	0.476686	0.746615594590404	0.735426841164515	0.603425262792633	0.662918829619522	67
182	rpart.scode.gz	0	32	0.477230	0.749247294605569	0.74213168100315	0.608172303136557	0.668507149453234	856
196	rpart.scode.gz	0	32	0.473984	0.748347626358235	0.741071399571537	0.604400530336332	0.665794561687801	803
221	rpart.scode.gz	1	64	0.472246	0.763362544152753	0.74843070139574	0.614429463101521	0.67484234407411	95
184	rpart.scode.gz	0	32	0.469194	0.764222170347412	0.749641879753855	0.613621623663294	0.674846009252855	965
190	rpart.scode.gz	0	32	0.476787	0.753231904826005	0.742719793078954	0.609625082337762	0.669622998157362	914
188	rpart.scode.gz	0	32	0.473408	0.768866196499132	0.751757150472954	0.618029086292006	0.678365386292027	943
186	rpart.scode.gz	0	32	0.475361	0.752035754997163	0.7345502119785	0.599552508269902	0.660221158922302	965
192	rpart.scode.gz	0	32	0.476309	0.753826571906155	0.737857239922541	0.601316884794829	0.662626328786291	926
223	rpart.scode.gz	1	64	0.472097	0.747852638430488	0.742263634802068	0.614003657376367	0.672068978046232	89
194	rpart.scode.gz	0	32	0.477562	0.740807793035409	0.739430471112344	0.611400051196053	0.669347961018009	928
225	rpart.scode.gz	1	64	0.471052	0.749689461102128	0.739739111338054	0.603232486715675	0.664548177042602	95
227	rpart.scode.gz	1	64	0.474000	0.760660131576481	0.746844984819986	0.618123445050775	0.676414757782395	92
229	rpart.scode.gz	1	64	0.474116	0.758657176984169	0.747162199100746	0.610327755150186	0.67184854853952	94
198	rpart.scode.gz	0	32	0.473595	0.762905894360545	0.744263183180207	0.609255056295938	0.67002585460976	939
200	rpart.scode.gz	0	32	0.473671	0.754133276990473	0.746599296749807	0.611407474970558	0.672274101052258	898
231	rpart.scode.gz	1	64	0.471968	0.764761460120671	0.746964359414743	0.620541966221787	0.677909452554916	100
233	rpart.scode.gz	1	64	0.471801	0.759308073329778	0.74039130859577	0.606098246251763	0.666547871930217	86
235	rpart.scode.gz	1	64	0.473847	0.760808372367235	0.745823604128418	0.608106551753973	0.66996102886514	97
237	rpart.scode.gz	1	64	0.473413	0.756382447608808	0.743016483731154	0.602990399331962	0.665719933341931	94
202	rpart.scode.gz	0	45	0.477366	0.762128056188371	0.742182288985722	0.608362015078861	0.668642282262521	1050
239	rpart.scode.gz	1	64	0.474629	0.752025531494352	0.742061144356166	0.606716190808221	0.667597977980094	96
210	rpart.scode.gz	0	45	0.473579	0.756191608889677	0.740572741558398	0.613570631847255	0.671116063322078	1014
241	rpart.scode.gz	1	90	0.472366	0.757173917118063	0.743730660735955	0.609971328393023	0.670242612833315	102
206	rpart.scode.gz	0	45	0.475214	0.752506036126451	0.746464694423234	0.608457396079003	0.670432591537882	1136
204	rpart.scode.gz	0	45	0.472974	0.753450858177865	0.738935959757932	0.607408294938289	0.666747497632284	1243
214	rpart.scode.gz	0	45	0.475583	0.743739382466352	0.739768528573077	0.605857381208746	0.66614981201514	1115
243	rpart.scode.gz	1	90	0.473158	0.762785768202521	0.747739096326154	0.615724142946021	0.675340560671688	118
208	rpart.scode.gz	0	45	0.475555	0.753847018911776	0.740206128384144	0.607268352330512	0.667179619951518	1258
212	rpart.scode.gz	0	45	0.474840	0.750894982475212	0.742555180643291	0.607329021006047	0.668168884934041	1239
245	rpart.scode.gz	1	90	0.473943	0.767671750587425	0.745103856592843	0.61108641328585	0.67147339626836	125
220	rpart.scode.gz	0	45	0.475683	0.738529655825778	0.732537990711246	0.602788764096978	0.661359728598162	1108
247	rpart.scode.gz	1	90	0.474929	0.756975410771823	0.741109627387116	0.607755341113635	0.667840510226736	124
216	rpart.scode.gz	0	45	0.475293	0.758261016250258	0.75073718060944	0.613254450901815	0.675067070545176	1305
218	rpart.scode.gz	0	45	0.471375	0.757360496044356	0.743412983777076	0.615259022221128	0.673292072679651	1279
249	rpart.scode.gz	1	90	0.471615	0.755180334069994	0.737394229728157	0.602779606043634	0.663326191618139	133
251	rpart.scode.gz	1	90	0.473815	0.741163059758078	0.732132978733574	0.596763827095189	0.657553658666777	129
253	rpart.scode.gz	1	90	0.473794	0.757778807701024	0.742609759680152	0.606401607831479	0.667629292245397	131
255	rpart.scode.gz	1	90	0.471269	0.751912221004868	0.743780675571224	0.616694943705603	0.674302097518704	129
257	rpart.scode.gz	1	90	0.471144	0.753385257368164	0.742019614549636	0.612000696682436	0.670767664693586	131
259	rpart.scode.gz	1	90	0.473219	0.765984020665107	0.751963671251869	0.613521523434454	0.675724495511343	134
224	rpart.scode.gz	0	64	0.472850	0.741386272902776	0.740123618799338	0.610851633863252	0.669302743944893	1599
222	rpart.scode.gz	0	64	0.472373	0.747417287602469	0.741343179425933	0.616361934482314	0.673100088532356	1638
230	rpart.scode.gz	0	64	0.469466	0.74960170936967	0.736379478496597	0.60231889205493	0.662636604894539	1590
228	rpart.scode.gz	0	64	0.472732	0.748291397092777	0.743852623407723	0.609317038851742	0.669896895382785	1707
240	rpart.scode.gz	0	64	0.473493	0.763840492909149	0.746861094246852	0.613173064723789	0.673446476416319	1381
263	rpart.scode.gz	1	128	0.472082	0.755090026461833	0.73857334027363	0.606975919515955	0.66633938383298	128
261	rpart.scode.gz	1	128	0.470445	0.76565260878233	0.754257478461892	0.618825272231836	0.679862286823221	195
226	rpart.scode.gz	0	64	0.472324	0.758829272614814	0.74418572496653	0.609934582523326	0.670405143422871	1833
265	rpart.scode.gz	1	128	0.473092	0.758873574460327	0.745398601569758	0.613644466391532	0.673134999018731	133
232	rpart.scode.gz	0	64	0.472670	0.753165452057736	0.741319152440364	0.60803730472593	0.66809581263374	1800
238	rpart.scode.gz	0	64	0.474829	0.741339415181561	0.739247093007367	0.606355912649606	0.666239364611407	1691
267	rpart.scode.gz	1	128	0.471599	0.764982969348235	0.747471472962695	0.608683140571734	0.67097553495756	185
269	rpart.scode.gz	1	128	0.471774	0.751038111514561	0.746418808666488	0.611426581131367	0.672212467935015	185
236	rpart.scode.gz	0	64	0.471681	0.745099960298731	0.734509371209369	0.599014270864299	0.659878207714099	1898
234	rpart.scode.gz	0	64	0.474319	0.753679183073969	0.73784117564092	0.60666509735658	0.665854072448384	1959
271	rpart.scode.gz	1	128	0.472064	0.75362295380851	0.740231828888356	0.60340363056008	0.66485082671265	187
273	rpart.scode.gz	1	128	0.474738	0.754486839796007	0.736464683293115	0.604303237208043	0.663870287166587	142
275	rpart.scode.gz	1	128	0.472397	0.768113917083984	0.748906917743706	0.616863532588946	0.676502214185644	178
277	rpart.scode.gz	1	128	0.475223	0.762933157034707	0.741583005127326	0.610818025079105	0.669878618112202	186
279	rpart.scode.gz	1	128	0.470837	0.752451510778128	0.742204667775839	0.608945273796557	0.669003506902975	182
254	rpart.scode.gz	0	90	0.468771	0.757565818059136	0.743975587455308	0.609683466395907	0.670168184201483	1874
252	rpart.scode.gz	0	90	0.475183	0.748498423024691	0.738057073567362	0.607342632398563	0.666349968612427	1947
246	rpart.scode.gz	0	90	0.474101	0.744414133651852	0.738587202044872	0.60647839318212	0.666045107555454	2120
242	rpart.scode.gz	0	90	0.470132	0.758053990318343	0.74262899857863	0.60833249054126	0.668805664546087	2461
250	rpart.scode.gz	0	90	0.472009	0.750543123586814	0.738543510007818	0.604012004766147	0.664537356076413	2224
285	rpart.scode.gz	1	256	0.470578	0.755799707948603	0.742807700241025	0.608077341518032	0.668723862740421	313
244	rpart.scode.gz	0	90	0.475565	0.746697382612889	0.742476812110116	0.605326410759719	0.666923503551141	2534
281	rpart.scode.gz	1	256	0.471887	0.753349475108327	0.74075688547221	0.610833712581426	0.669550793154139	367
283	rpart.scode.gz	1	256	0.470821	0.765666240119411	0.752313513771352	0.622125054502538	0.681053481125439	379
248	rpart.scode.gz	0	90	0.472908	0.749383607976377	0.743964168517873	0.609243576769866	0.669897719097182	2535
287	rpart.scode.gz	1	256	0.471043	0.760121693761789	0.741827338686138	0.608209209832831	0.668405933142555	356
289	rpart.scode.gz	1	256	0.471803	0.746272255287681	0.734245529639319	0.60787062438407	0.665108287706798	323
256	rpart.scode.gz	0	90	0.474367	0.756971150978986	0.743778076837892	0.611880569595084	0.671412902511083	2432
293	rpart.scode.gz	1	256	0.471032	0.766077736107538	0.742965098049567	0.604980871080618	0.666910517920192	304
291	rpart.scode.gz	1	256	0.472235	0.76293912074468	0.743950290190108	0.612974141225367	0.672141026701015	362
295	rpart.scode.gz	1	256	0.470630	0.75508065491759	0.742881856139588	0.609306322466302	0.669496478305303	368
297	rpart.scode.gz	1	256	0.470280	0.75432241179247	0.741064149895984	0.60653930638052	0.667087240490356	370
258	rpart.scode.gz	0	90	0.473768	0.758358991485526	0.743177925928687	0.614101222890826	0.672502003048105	2559
299	rpart.scode.gz	1	256	0.471471	0.768478555350896	0.75067747078893	0.612280338373046	0.674452360497164	365
260	rpart.scode.gz	0	90	0.471078	0.754324967668172	0.739899410555965	0.610107005792013	0.668763953259934	2436
309	rpart.scode.gz	1	512	0.469577	0.747864565850434	0.743174503017384	0.606174216510347	0.667719493971433	492
303	rpart.scode.gz	1	512	0.470549	0.753855538497452	0.741261836176511	0.608298428101256	0.668230121607695	683
301	rpart.scode.gz	1	512	0.470204	0.763057542985569	0.751223678434109	0.615556517161904	0.676656908837936	744
305	rpart.scode.gz	1	512	0.470526	0.756801611224043	0.741455917620611	0.60467737219837	0.666117715472369	704
315	rpart.scode.gz	1	512	0.471510	0.744311898623746	0.738307508893456	0.601896552578084	0.663159823374287	496
307	rpart.scode.gz	1	512	0.473007	0.759267179318535	0.744311212142484	0.610745858628961	0.670945896158197	753
311	rpart.scode.gz	1	512	0.470905	0.753356290776867	0.743585226349322	0.611697606523124	0.67122417870491	740
319	rpart.scode.gz	1	512	0.471441	0.763903537843148	0.742629131352044	0.607744881633675	0.66845044290117	543
313	rpart.scode.gz	1	512	0.469197	0.761293988750739	0.751259343084019	0.614750303124785	0.67618396424652	749
317	rpart.scode.gz	1	512	0.468998	0.762206436376586	0.744262356634208	0.613307078266357	0.672468545145749	734
262	rpart.scode.gz	0	128	0.473294	0.750921393190806	0.739465358373756	0.605193858565324	0.665625740517835	3202
341	wordsub.scode.gz	1	1	0.447163	0.734119918280134	0.737622440827558	0.607359424119471	0.666182872133028	4
342	wordsub.scode.gz	0	1	0.433652	0.747355094627038	0.74464117529817	0.612445525010029	0.6721046716411	34
343	wordsub.scode.gz	1	1	0.419636	0.765754843810436	0.752564024579857	0.619805214485108	0.679763278556572	5
344	wordsub.scode.gz	0	1	0.424810	0.750571238219543	0.74737066746422	0.613440006340334	0.67381462508087	27
345	wordsub.scode.gz	1	1	0.420108	0.767526065672374	0.755559750687169	0.62225209309436	0.682456952950235	5
346	wordsub.scode.gz	0	1	0.451950	0.736807847560757	0.73915059451553	0.610825670234999	0.668889030257107	47
347	wordsub.scode.gz	1	1	0.427101	0.748932069935575	0.743347280984981	0.614323860434006	0.672704836048199	5
348	wordsub.scode.gz	0	1	0.423846	0.748226648241643	0.742920144609239	0.610898086448332	0.670471831910797	52
349	wordsub.scode.gz	1	1	0.433195	0.743069743032257	0.741952620730691	0.618460347695774	0.674601443003955	6
350	wordsub.scode.gz	0	1	0.427871	0.763474150725102	0.752630842149285	0.620863015221395	0.680426274202568	34
351	wordsub.scode.gz	1	1	0.435940	0.753248092038788	0.753750837038062	0.624943370950565	0.68333004697625	5
276	rpart.scode.gz	0	128	0.474657	0.760802408657262	0.744022499774004	0.608396625742869	0.6694090164782	2878
353	wordsub.scode.gz	1	1	0.427776	0.757005229321688	0.753757346761764	0.62630113444716	0.684143589279254	5
354	wordsub.scode.gz	0	1	0.417130	0.765490736654495	0.755507117953229	0.620003167137562	0.68108077562656	24
352	wordsub.scode.gz	0	1	0.435293	0.742671026422643	0.736903811209957	0.607925307107872	0.66622958952455	35
355	wordsub.scode.gz	1	1	0.420810	0.762304411611854	0.750350794532407	0.616943610361392	0.677138919839753	5
357	wordsub.scode.gz	1	1	0.422354	0.746407716699921	0.744566429143301	0.607924706242185	0.669343134120761	4
323	rpart.scode.gz	1	1024	0.467936	0.760060352744925	0.744181099291874	0.609200848139729	0.669959811003135	1123
359	wordsub.scode.gz	1	1	0.423703	0.760865453591261	0.754657488897252	0.620091181776207	0.680788371153428	5
356	wordsub.scode.gz	0	1	0.428567	0.746790246096752	0.744955247869686	0.616884331302033	0.674897729454352	47
361	wordsub.scode.gz	1	2	0.421634	0.749423650029052	0.745306190346425	0.611009367422211	0.671509017633946	6
358	wordsub.scode.gz	0	1	0.428075	0.753496863940513	0.750933925129536	0.617422577250218	0.677664860863032	47
363	wordsub.scode.gz	1	2	0.425340	0.751170165092531	0.745063173439698	0.612955285514467	0.672583508995526	6
360	wordsub.scode.gz	0	1	0.442807	0.745859055382419	0.737360459103184	0.607452949130796	0.666132242156729	39
365	wordsub.scode.gz	1	2	0.428406	0.743139603634796	0.741862216609258	0.607543199536541	0.668017690311925	7
364	wordsub.scode.gz	0	2	0.425479	0.764969338011154	0.755322176679179	0.627928224433131	0.685758866067541	57
362	wordsub.scode.gz	0	2	0.434925	0.751496465223903	0.739561381230665	0.611408300143108	0.669406535444857	66
367	wordsub.scode.gz	1	2	0.425286	0.739154141455793	0.737518726900032	0.604836594378551	0.664620325181463	6
369	wordsub.scode.gz	1	2	0.426649	0.753985888158287	0.744663336363235	0.619824664764566	0.676533179393748	6
366	wordsub.scode.gz	0	2	0.429124	0.747685654551248	0.742783222527722	0.613080880765801	0.671728370386353	57
371	wordsub.scode.gz	1	2	0.426686	0.747536561801926	0.743678923667162	0.611508540888189	0.671148494795468	6
368	wordsub.scode.gz	0	2	0.419482	0.765734396804815	0.758051679082451	0.62939000401476	0.687755247883338	74
370	wordsub.scode.gz	0	2	0.437185	0.748707152873741	0.74122636209994	0.614181819035509	0.671750048033862	66
373	wordsub.scode.gz	1	2	0.420635	0.75650683355967	0.74688313699739	0.614588388629202	0.674308195245275	5
372	wordsub.scode.gz	0	2	0.423102	0.752051942209946	0.745467463519822	0.611511226670645	0.671877497200896	60
375	wordsub.scode.gz	1	2	0.426723	0.749221735848542	0.74448756372954	0.617283711101446	0.67494454421486	6
377	wordsub.scode.gz	1	2	0.426882	0.755568827176797	0.756362283529001	0.62489889153244	0.684374484866258	6
321	rpart.scode.gz	1	1024	0.469779	0.762482470952473	0.745601794239607	0.613096267136259	0.672887803130445	1386
379	wordsub.scode.gz	1	2	0.429639	0.749226847599948	0.742307970169132	0.610947884946174	0.670252388178105	6
374	wordsub.scode.gz	0	2	0.428853	0.757432912522598	0.747671855709542	0.614878888558264	0.674804430703272	69
376	wordsub.scode.gz	0	2	0.427494	0.771591611956727	0.758902026257297	0.628293771064904	0.687449337528876	64
381	wordsub.scode.gz	1	3	0.421539	0.774155155286488	0.758441877575536	0.618229878218432	0.681195684644316	8
378	wordsub.scode.gz	0	2	0.428083	0.770656161449556	0.759411539675566	0.637368592149204	0.69305834594388	69
383	wordsub.scode.gz	1	3	0.428372	0.747958281292864	0.739590516974443	0.6056719589679	0.665965557295737	7
385	wordsub.scode.gz	1	3	0.429881	0.753106666916574	0.745791250662699	0.615127370719408	0.674186691133355	8
329	rpart.scode.gz	1	1024	0.468237	0.76273039089563	0.748909865325538	0.609459747644049	0.672026837425522	1312
380	wordsub.scode.gz	0	2	0.423819	0.751577401287821	0.743906410519236	0.613123191764426	0.67221270932339	62
387	wordsub.scode.gz	1	3	0.425096	0.753625509684213	0.746696068857359	0.615952206553869	0.675051808360437	7
389	wordsub.scode.gz	1	3	0.421874	0.757910009320427	0.750023605802902	0.619740084223435	0.678685960234378	8
325	rpart.scode.gz	1	1024	0.470118	0.761800904098432	0.744815253994865	0.608070462488071	0.669532023949844	1377
391	wordsub.scode.gz	1	3	0.428174	0.760737659806128	0.7514146831377	0.623766360254528	0.681666176529643	8
270	rpart.scode.gz	0	128	0.474577	0.737412738143719	0.73518320170474	0.605175979760042	0.663874609951304	3483
393	wordsub.scode.gz	1	3	0.417615	0.755565419342527	0.750861540028621	0.61666291059997	0.677177600033098	7
274	rpart.scode.gz	0	128	0.472379	0.765420876051956	0.747032281729013	0.611920464061616	0.67275972902012	3302
395	wordsub.scode.gz	1	3	0.431155	0.765793181945976	0.750979047082051	0.621184876609743	0.679943290511619	9
384	wordsub.scode.gz	0	3	0.425239	0.764000661119848	0.755458905003994	0.621529942883	0.681981311320134	79
327	rpart.scode.gz	1	1024	0.471473	0.748518870030313	0.738532359343854	0.602974618728831	0.663904511975094	1391
268	rpart.scode.gz	0	128	0.470797	0.743555359415761	0.739303449371675	0.603509971176796	0.664540578152644	3574
397	wordsub.scode.gz	1	3	0.425507	0.756160086422677	0.753713964996176	0.630908163228113	0.686865078293892	7
399	wordsub.scode.gz	1	3	0.421580	0.751547582737956	0.743190324023477	0.607843716496556	0.66873750782005	6
382	wordsub.scode.gz	0	3	0.423385	0.764887549988669	0.754391385167477	0.623606255382096	0.682792441660758	106
386	wordsub.scode.gz	0	3	0.429020	0.74981725488726	0.749012465596216	0.618658765680389	0.677623564564491	86
335	rpart.scode.gz	1	1024	0.469607	0.76210420134848	0.747027747699384	0.60978291019397	0.671463997334817	1223
401	wordsub.scode.gz	1	4	0.422633	0.754968196386673	0.748777931658528	0.623189890958778	0.68023583336295	9
403	wordsub.scode.gz	1	4	0.425591	0.756018661300464	0.749383031452346	0.617860143332158	0.677295620505564	9
390	wordsub.scode.gz	0	3	0.423411	0.76255659134785	0.752413523167126	0.619316505056092	0.679407906712351	80
388	wordsub.scode.gz	0	3	0.427121	0.743894438925646	0.741652780522095	0.608667335860862	0.668611563402288	91
405	wordsub.scode.gz	1	4	0.420221	0.753924547141423	0.750093551230503	0.61341745055308	0.674905407100121	9
266	rpart.scode.gz	0	128	0.471731	0.759553437397232	0.745036382501126	0.614829570003894	0.673699341977948	3671
331	rpart.scode.gz	1	1024	0.468856	0.768841489700673	0.750255270177326	0.611842199126337	0.674016132848541	1323
407	wordsub.scode.gz	1	4	0.421922	0.759120642444917	0.753121923498298	0.622896029352675	0.681846708167689	9
409	wordsub.scode.gz	1	4	0.424066	0.763505673192101	0.751864087259638	0.624715243366071	0.682417563304712	9
411	wordsub.scode.gz	1	4	0.420762	0.76754480876086	0.759062588356189	0.622201648543719	0.683851765948975	8
413	wordsub.scode.gz	1	4	0.418650	0.764810021759022	0.757865054401367	0.618379714648772	0.681053816330138	8
415	wordsub.scode.gz	1	4	0.418122	0.762452652402608	0.752223715972055	0.62102798050928	0.680358853978902	8
392	wordsub.scode.gz	0	3	0.419892	0.759596887284178	0.752907005788406	0.620456739310024	0.680294972810233	79
264	rpart.scode.gz	0	128	0.474054	0.741661455520095	0.737303872191498	0.605718584481849	0.665065063622303	3728
417	wordsub.scode.gz	1	4	0.425897	0.753582911755835	0.749357141283345	0.613800298135507	0.674838611343058	10
396	wordsub.scode.gz	0	3	0.422352	0.750803822908484	0.750900627078744	0.619962333618889	0.679178179623026	76
419	wordsub.scode.gz	1	4	0.417599	0.763271384586025	0.755368090522541	0.617429133349212	0.679468544051414	7
394	wordsub.scode.gz	0	3	0.419731	0.759563660900043	0.751377935757184	0.621708151141558	0.680420247070216	98
421	wordsub.scode.gz	1	6	0.422079	0.754353934259469	0.746609574220654	0.613910832140899	0.673788798537666	12
398	wordsub.scode.gz	0	3	0.420856	0.748740379257876	0.748464367420797	0.613405686944521	0.674238041991773	88
400	wordsub.scode.gz	0	3	0.426913	0.748003435096944	0.747337495271087	0.614122846905412	0.674212852151577	87
423	wordsub.scode.gz	1	6	0.418999	0.761865652949566	0.755113709247723	0.624335351705502	0.68352532411026	10
425	wordsub.scode.gz	1	6	0.424167	0.757394574387058	0.754297161693071	0.625188334410926	0.683700970400385	11
402	wordsub.scode.gz	0	4	0.422130	0.754846366311514	0.754006944479753	0.62482048582492	0.683361782643245	96
427	wordsub.scode.gz	1	6	0.420924	0.751816801645302	0.745847239544311	0.613265778905401	0.673089849180205	12
406	wordsub.scode.gz	0	4	0.426850	0.742841418136153	0.739824553635655	0.607545295088978	0.667191606192023	98
333	rpart.scode.gz	1	1024	0.468475	0.760444586058891	0.745877787947028	0.612086412469195	0.672391303430566	1356
429	wordsub.scode.gz	1	6	0.421363	0.764649001589755	0.75195716786373	0.613886254043524	0.675943027695583	11
408	wordsub.scode.gz	0	4	0.422780	0.74525331284089	0.743689195296171	0.615064459937808	0.673288776820482	104
431	wordsub.scode.gz	1	6	0.423094	0.761035845304771	0.758506349264487	0.625677508923805	0.685718678632555	11
404	wordsub.scode.gz	0	4	0.421844	0.752627866201611	0.757722131346004	0.621400962722429	0.682824127765833	124
412	wordsub.scode.gz	0	4	0.416945	0.76399299349274	0.751363255849017	0.617515148176741	0.677895408249035	103
433	wordsub.scode.gz	1	6	0.427042	0.766087959610348	0.755557258513223	0.627241028347544	0.685445616050294	12
410	wordsub.scode.gz	0	4	0.434777	0.749600857411102	0.748073131412894	0.621931157165516	0.679194937041869	110
435	wordsub.scode.gz	1	6	0.420342	0.762150207111128	0.760630972992718	0.626546000808481	0.68710813864468	10
437	wordsub.scode.gz	1	6	0.416744	0.754036153713773	0.751251825807349	0.622234019180847	0.680683306194646	12
439	wordsub.scode.gz	1	6	0.423300	0.732813013837511	0.741071919487813	0.607155785146242	0.667463072565451	12
414	wordsub.scode.gz	0	4	0.426700	0.763781707767988	0.758826337021771	0.63012575361087	0.688513334189704	120
416	wordsub.scode.gz	0	4	0.424989	0.764012588539794	0.758982323993161	0.620026220688927	0.682503300983775	119
441	wordsub.scode.gz	1	8	0.420493	0.744484846212959	0.7418089614071	0.608836866183527	0.66877731251815	14
443	wordsub.scode.gz	1	8	0.426060	0.746149573253953	0.741592128032066	0.612662721010206	0.670990177899215	16
420	wordsub.scode.gz	0	4	0.428712	0.74859980609423	0.74932574428874	0.621427583312401	0.679409893831186	121
445	wordsub.scode.gz	1	8	0.423628	0.747442846359496	0.747087713425869	0.616019329083799	0.675252137416918	14
337	rpart.scode.gz	1	1024	0.468368	0.765714801757761	0.74841030842941	0.61479968736155	0.675057291336234	1417
447	wordsub.scode.gz	1	8	0.424390	0.745980033499011	0.741935437191485	0.61063152786575	0.669910150542245	14
418	wordsub.scode.gz	0	4	0.428374	0.753690258535347	0.740421898095237	0.608283471339457	0.667879601632932	163
424	wordsub.scode.gz	0	6	0.424124	0.758698922953979	0.748078605556917	0.614022362567259	0.674453661688027	140
449	wordsub.scode.gz	1	8	0.430347	0.74646394596538	0.743853448432163	0.61378776903779	0.672590287815638	15
426	wordsub.scode.gz	0	6	0.421792	0.746106975325576	0.743668056023219	0.608506382498617	0.669331922950946	135
422	wordsub.scode.gz	0	6	0.424759	0.74049086444828	0.737486326459489	0.606911615262339	0.665857933480872	148
451	wordsub.scode.gz	1	8	0.420639	0.758726185628141	0.751555536711662	0.622743957718396	0.681113063453598	15
453	wordsub.scode.gz	1	8	0.420977	0.75905333771808	0.750964386323361	0.616706223296175	0.67724554035455	13
272	rpart.scode.gz	0	128	0.474613	0.737301983529937	0.732836098554428	0.598200237739881	0.658708881832801	3701
455	wordsub.scode.gz	1	8	0.421439	0.749439837241835	0.745337194919679	0.610007999008918	0.670916387790469	14
339	rpart.scode.gz	1	1024	0.471073	0.743165162391823	0.734687000348274	0.598211434244982	0.659462345806717	1359
434	wordsub.scode.gz	0	6	0.427566	0.757896377983346	0.748600895937226	0.615411166000551	0.675503337680604	130
457	wordsub.scode.gz	1	8	0.429106	0.747809188543543	0.747748983853075	0.617409075274607	0.676356859297675	13
459	wordsub.scode.gz	1	8	0.418763	0.75712279960401	0.747995264967043	0.61659288330494	0.67596740849393	13
428	wordsub.scode.gz	0	6	0.426613	0.764474350083407	0.755974998012735	0.620246669675056	0.681417806279415	166
432	wordsub.scode.gz	0	6	0.425341	0.756116636535732	0.756172136774822	0.622446433543471	0.682823603009735	149
461	wordsub.scode.gz	1	10	0.416591	0.767407643431485	0.757442241871022	0.624745160384503	0.684723900836462	15
463	wordsub.scode.gz	1	10	0.417528	0.764544210685946	0.75430675121589	0.620197572851624	0.680709704725105	12
436	wordsub.scode.gz	0	6	0.419343	0.757882746646265	0.751707711285162	0.617524503446574	0.678041206091952	151
430	wordsub.scode.gz	0	6	0.423239	0.750454519895788	0.748342521446932	0.615543440371441	0.675477779115123	175
465	wordsub.scode.gz	1	10	0.418691	0.757809478209456	0.748004985560143	0.610941604589822	0.672561187366268	17
467	wordsub.scode.gz	1	10	0.424688	0.761720819993082	0.753042246308755	0.616220182226996	0.677795316039217	16
469	wordsub.scode.gz	1	10	0.421388	0.772279142520741	0.760773309835259	0.620735146722763	0.683656665091891	13
438	wordsub.scode.gz	0	6	0.419167	0.754440834033359	0.745745511308009	0.612287372087113	0.672458767306137	168
440	wordsub.scode.gz	0	6	0.421250	0.749851333229962	0.747873475016485	0.615537500983331	0.675283062798856	168
471	wordsub.scode.gz	1	10	0.419577	0.755126660680238	0.747006302887116	0.608763837868704	0.670837054434841	14
473	wordsub.scode.gz	1	10	0.421166	0.762350417374502	0.754178123550075	0.622686984500436	0.682153827246765	16
475	wordsub.scode.gz	1	10	0.415119	0.779517382510654	0.761857442437951	0.625214048772607	0.686805228414674	16
280	rpart.scode.gz	0	128	0.471853	0.762668197920199	0.746307495671301	0.609187123820838	0.670811835378988	3187
442	wordsub.scode.gz	0	8	0.419053	0.758942583104299	0.749681633383489	0.614379337761517	0.67532011426659	216
477	wordsub.scode.gz	1	10	0.417859	0.754757762620488	0.747462331411029	0.615184615665586	0.674903103933264	18
446	wordsub.scode.gz	0	8	0.423397	0.750167409858524	0.750670099252034	0.618808703450987	0.678391209737197	191
479	wordsub.scode.gz	1	10	0.419675	0.747802372875002	0.743714803470597	0.610552493883626	0.670586861078689	16
444	wordsub.scode.gz	0	8	0.423886	0.750612984189353	0.749045717495059	0.621523628483498	0.679352144571951	224
454	wordsub.scode.gz	0	8	0.424815	0.747736772065301	0.743808014468426	0.615578977652784	0.673645664950713	186
481	wordsub.scode.gz	1	16	0.414261	0.76155809590668	0.754163132953854	0.622292669511993	0.681911018737598	26
448	wordsub.scode.gz	0	8	0.421531	0.760139584891708	0.751465260521093	0.620767338373251	0.679892155352531	217
450	wordsub.scode.gz	0	8	0.416986	0.755634427986498	0.75254131015154	0.617533894316792	0.678385776746437	215
483	wordsub.scode.gz	1	16	0.422280	0.754258514899903	0.744880771046429	0.609210035106015	0.670248758232693	25
456	wordsub.scode.gz	0	8	0.419458	0.75913342182343	0.757620990592515	0.617655772919541	0.680516083656475	200
485	wordsub.scode.gz	1	16	0.421794	0.760280158055353	0.756085471464466	0.619344532378367	0.680917824177036	22
458	wordsub.scode.gz	0	8	0.420124	0.748006842931215	0.747152697082783	0.617201335769146	0.67598824287429	208
487	wordsub.scode.gz	1	16	0.420189	0.760157476021626	0.750688429796094	0.611983692472956	0.674276767911499	25
489	wordsub.scode.gz	1	16	0.419451	0.765425987803361	0.755731927199066	0.618416388894211	0.680213342209248	26
452	wordsub.scode.gz	0	8	0.423100	0.753762675013589	0.748217670398647	0.614982187964527	0.675088890587155	246
460	wordsub.scode.gz	0	8	0.426235	0.757578597437649	0.750592901471117	0.619118658171742	0.678545883212377	222
491	wordsub.scode.gz	1	16	0.418869	0.757198623916522	0.74936821013816	0.613919780145336	0.674915307836395	23
493	wordsub.scode.gz	1	16	0.423113	0.763769780348042	0.754299451510403	0.620599190776218	0.680948565680108	27
466	wordsub.scode.gz	0	10	0.420585	0.766860686031117	0.75768891574078	0.626454429914328	0.685850319264646	223
495	wordsub.scode.gz	1	16	0.424625	0.742008202657088	0.738889183013738	0.609614695703347	0.668055482183624	26
462	wordsub.scode.gz	0	10	0.422997	0.757403093972734	0.750567167192546	0.619377797370696	0.6786909705423	248
472	wordsub.scode.gz	0	10	0.420850	0.770889598097065	0.759748950259237	0.624955366714052	0.685791440092747	219
497	wordsub.scode.gz	1	16	0.416825	0.76230611552899	0.753592565706385	0.616506164373894	0.678191216420006	23
278	rpart.scode.gz	0	128	0.472541	0.736313711591578	0.735612094538699	0.601941882071328	0.662097734228719	3678
470	wordsub.scode.gz	0	10	0.418757	0.755729847346064	0.748270277950554	0.61511126821006	0.675188073258309	239
464	wordsub.scode.gz	0	10	0.422789	0.753852130663182	0.749697528562882	0.616529966989619	0.676623760013196	270
499	wordsub.scode.gz	1	16	0.425536	0.756582657872182	0.746174329842259	0.613607656004694	0.673428955922226	24
468	wordsub.scode.gz	0	10	0.420414	0.757894674066211	0.754202272144939	0.623458625449175	0.682626490631024	257
501	wordsub.scode.gz	1	25	0.415784	0.768091766161228	0.76173829010634	0.626232641389408	0.687370852855942	30
503	wordsub.scode.gz	1	25	0.416058	0.769099633146641	0.757393796287274	0.627860181281091	0.686570714018589	32
505	wordsub.scode.gz	1	25	0.414405	0.759504875758882	0.758742171185257	0.621719211402315	0.683430323045714	35
474	wordsub.scode.gz	0	10	0.422634	0.760221372914192	0.755008842288063	0.623190322795749	0.682795659813841	260
507	wordsub.scode.gz	1	25	0.420618	0.761739563081568	0.754554402685172	0.627558537861221	0.685221943582488	33
509	wordsub.scode.gz	1	25	0.416826	0.776043095472181	0.758172126645039	0.623566188994011	0.684312649164508	39
480	wordsub.scode.gz	0	10	0.425139	0.751929260176219	0.749956609484159	0.62020294368791	0.678935961528661	246
511	wordsub.scode.gz	1	25	0.421320	0.748087778995132	0.742830526557935	0.614085852373257	0.672350520861885	38
478	wordsub.scode.gz	0	10	0.415369	0.77189320528964	0.75772597774873	0.620279585461683	0.682148124680342	268
476	wordsub.scode.gz	0	10	0.425550	0.760653315907941	0.750941486680396	0.62724321275939	0.683541111566815	291
513	wordsub.scode.gz	1	25	0.417011	0.767897519607826	0.753923531717854	0.619280507271581	0.680001127159234	31
515	wordsub.scode.gz	1	25	0.418229	0.757679980507188	0.754226692293487	0.623660083805768	0.682757234169754	35
517	wordsub.scode.gz	1	25	0.418303	0.757890414273373	0.754916280599767	0.622526690871951	0.682359333606405	39
519	wordsub.scode.gz	1	25	0.420598	0.762523364963715	0.753325292885804	0.616521762024904	0.678092397662828	37
484	wordsub.scode.gz	0	16	0.421552	0.747081615926854	0.745559699718814	0.608281104426514	0.669960421007045	380
482	wordsub.scode.gz	0	16	0.423336	0.744343421090745	0.748021526882493	0.614154351771922	0.67451007340956	426
521	wordsub.scode.gz	1	32	0.419506	0.771159668962979	0.761873394187393	0.627029120961655	0.687905449706999	47
490	wordsub.scode.gz	0	16	0.419937	0.765350163490849	0.749392933900259	0.615745128691539	0.67602693261498	397
496	wordsub.scode.gz	0	16	0.418792	0.757450803652517	0.750582366909278	0.61887044833821	0.678392480196483	360
488	wordsub.scode.gz	0	16	0.421874	0.756773496591314	0.750306146093944	0.619601099708732	0.678718233898577	425
486	wordsub.scode.gz	0	16	0.418869	0.753059809195359	0.752526039066481	0.621752516181061	0.680917207788452	438
494	wordsub.scode.gz	0	16	0.419465	0.751579105204956	0.750671560416792	0.611088197643627	0.673726078571744	399
523	wordsub.scode.gz	1	32	0.417042	0.758092328453883	0.755507939700758	0.624258282086071	0.683640577791805	48
525	wordsub.scode.gz	1	32	0.417777	0.768441069173924	0.759893499646459	0.624620611219702	0.685648688570041	38
492	wordsub.scode.gz	0	16	0.419520	0.760403692047648	0.753728124562744	0.6199746084203	0.6803397673475	429
527	wordsub.scode.gz	1	32	0.412581	0.771773079131616	0.762761545453502	0.62324321365096	0.685980266250996	44
498	wordsub.scode.gz	0	16	0.419170	0.75377971418494	0.753365376625734	0.622131894286877	0.681488271567922	418
500	wordsub.scode.gz	0	16	0.417902	0.756324514426214	0.749428128230639	0.614856041774977	0.67550503428743	405
529	wordsub.scode.gz	1	32	0.418344	0.766172303508536	0.758671527375515	0.620924601247741	0.682921335947442	46
531	wordsub.scode.gz	1	32	0.417636	0.754620597291113	0.747830212277887	0.613988908841055	0.674332514376219	41
533	wordsub.scode.gz	1	32	0.418887	0.761088666735959	0.75122336827725	0.615129585135043	0.676398755853089	47
535	wordsub.scode.gz	1	32	0.419227	0.769529020264687	0.757224775282306	0.626933967651486	0.685947237186868	47
537	wordsub.scode.gz	1	32	0.418632	0.760413063591891	0.754077648387336	0.623763305000403	0.68275799906878	48
539	wordsub.scode.gz	1	32	0.414706	0.755398435463287	0.753413786609749	0.617838309958043	0.678923885379152	47
502	wordsub.scode.gz	0	25	0.419545	0.75629128804208	0.749264483747692	0.614697513145553	0.675342884768132	603
504	wordsub.scode.gz	0	25	0.422633	0.750842161044024	0.747465191089825	0.612974432389535	0.673572047346608	602
506	wordsub.scode.gz	0	25	0.418023	0.755278309305262	0.746156748827857	0.612334889846836	0.672654578938323	618
541	wordsub.scode.gz	1	45	0.415998	0.762934860951842	0.752948360972564	0.621352532988508	0.680849984680429	65
516	wordsub.scode.gz	0	25	0.416123	0.764009180705524	0.755782093565926	0.624498314107144	0.683896751182578	579
543	wordsub.scode.gz	1	45	0.417926	0.753385257368164	0.746898883589128	0.613573033287192	0.673703011253352	58
508	wordsub.scode.gz	0	25	0.418710	0.754132425031906	0.746264811345064	0.61755779212283	0.675838115692394	680
512	wordsub.scode.gz	0	25	0.416691	0.760649908073671	0.752847423005091	0.615044033802621	0.677004470754655	647
545	wordsub.scode.gz	1	45	0.418383	0.752182291870782	0.74565005477576	0.610716534126035	0.671471593077572	46
510	wordsub.scode.gz	0	25	0.416834	0.766878577161035	0.755590002179211	0.622727461626809	0.682755107503848	689
514	wordsub.scode.gz	0	25	0.421076	0.757991797342912	0.754066439887029	0.620766902878812	0.680954518475406	680
547	wordsub.scode.gz	1	45	0.415533	0.762459468071149	0.756755428730618	0.623349080078043	0.683604462317854	59
549	wordsub.scode.gz	1	45	0.417849	0.761446489334331	0.752175593725758	0.619906889747483	0.679665892490923	62
520	wordsub.scode.gz	0	25	0.421200	0.748735267506471	0.748242676308344	0.613338877340813	0.674107726908436	638
551	wordsub.scode.gz	1	45	0.416986	0.774874208317501	0.759883072400316	0.627671802035008	0.687478652090795	62
553	wordsub.scode.gz	1	45	0.417893	0.754356490135172	0.750577448187783	0.614605842459563	0.675820291729262	62
518	wordsub.scode.gz	0	25	0.417922	0.761093778487365	0.758175612292276	0.622172245592362	0.683473836770605	739
555	wordsub.scode.gz	1	45	0.414421	0.757704687305647	0.747013583588855	0.611564473473161	0.67253694633162	66
526	wordsub.scode.gz	0	32	0.422810	0.749987646600771	0.750320345153965	0.625548110146632	0.682276669847898	606
557	wordsub.scode.gz	1	45	0.416713	0.765373166372173	0.752415536446556	0.616779612664122	0.677879356253053	62
559	wordsub.scode.gz	1	45	0.418147	0.770981609622361	0.759062592026489	0.622716303190886	0.684162499272891	51
522	wordsub.scode.gz	0	32	0.417227	0.780870292715925	0.763687993996496	0.630782431985745	0.690901665830753	761
561	wordsub.scode.gz	1	64	0.418969	0.763292683550214	0.755664186707284	0.621671170254618	0.682149974434753	84
563	wordsub.scode.gz	1	64	0.417736	0.759067821013728	0.752212380742761	0.619967659227222	0.679717435535685	90
524	wordsub.scode.gz	0	32	0.419756	0.754753502827651	0.748469025705583	0.619809439584436	0.678090285182639	856
534	wordsub.scode.gz	0	32	0.413764	0.767727127894316	0.757450398414901	0.621790007068062	0.682948508050978	783
532	wordsub.scode.gz	0	32	0.420018	0.751418936994256	0.749351929676751	0.616744922952529	0.676612345959681	810
536	wordsub.scode.gz	0	32	0.419332	0.753368218196813	0.751376516597682	0.616197564153145	0.677106104607031	807
528	wordsub.scode.gz	0	32	0.416992	0.762008781988914	0.760752909011315	0.622440773747719	0.684681596248041	869
538	wordsub.scode.gz	0	32	0.418548	0.760930202442395	0.75454898754609	0.623660251139391	0.682889357959613	775
530	wordsub.scode.gz	0	32	0.419395	0.762983422590193	0.753153940283535	0.617443539097028	0.678580022755778	875
565	wordsub.scode.gz	1	64	0.415579	0.758403293331039	0.75539538768035	0.621051350276978	0.681667241564456	78
567	wordsub.scode.gz	1	64	0.418522	0.762445836734068	0.752759844614417	0.623640510313417	0.682143871814676	88
569	wordsub.scode.gz	1	64	0.415832	0.772740052105786	0.759847643380891	0.62321023512327	0.684779481537573	82
540	wordsub.scode.gz	0	32	0.419674	0.767647895747534	0.752891052684974	0.61836664696059	0.679030230270755	783
571	wordsub.scode.gz	1	64	0.416376	0.753101555165169	0.745739562245332	0.613609913453153	0.673253194161599	83
573	wordsub.scode.gz	1	64	0.417912	0.750878795262429	0.750596980384025	0.617998879217586	0.677874464352772	69
575	wordsub.scode.gz	1	64	0.416376	0.778055421608736	0.761960145793841	0.621023596063276	0.684310618376998	71
577	wordsub.scode.gz	1	64	0.416045	0.770204623408754	0.75835457596479	0.622016162318279	0.683452336297486	79
579	wordsub.scode.gz	1	64	0.415935	0.7707941787375	0.759546338116337	0.627819475127809	0.687429340955703	88
542	wordsub.scode.gz	0	45	0.419131	0.759330224252534	0.755304491484219	0.620487192479844	0.681290298307547	1064
550	wordsub.scode.gz	0	45	0.419563	0.758174968434935	0.749406279450093	0.620739331266153	0.679031409675253	1029
552	wordsub.scode.gz	0	45	0.415338	0.765178919818771	0.758679732045192	0.621818136446045	0.683464752691461	1000
581	wordsub.scode.gz	1	90	0.416288	0.767611261529129	0.757164637325302	0.622764628075229	0.683419600668795	124
583	wordsub.scode.gz	1	90	0.417101	0.755894275349601	0.751881585542815	0.614775702482869	0.676451271267549	89
544	wordsub.scode.gz	0	45	0.418583	0.762295892026179	0.756871470021355	0.623393844628554	0.683678725500615	1201
548	wordsub.scode.gz	0	45	0.417770	0.767045561040275	0.7586977972525	0.625425120938565	0.685645263677321	1146
554	wordsub.scode.gz	0	45	0.420692	0.746301221878978	0.744347650794536	0.611637394147356	0.671498346047299	1055
546	wordsub.scode.gz	0	45	0.417343	0.764378930723841	0.754449876606162	0.616812173699507	0.678723469716148	1239
585	wordsub.scode.gz	1	90	0.413589	0.764628554584133	0.761535146597748	0.622190469111507	0.684846626711738	98
587	wordsub.scode.gz	1	90	0.416087	0.760640536529428	0.75106265919587	0.615127001648597	0.676332042091151	122
589	wordsub.scode.gz	1	90	0.414013	0.761619436923544	0.750070101973673	0.615126310654674	0.67592889974147	121
560	wordsub.scode.gz	0	45	0.416736	0.76269546059436	0.756393870162295	0.620309567238929	0.681625891990577	1143
558	wordsub.scode.gz	0	45	0.417861	0.75868103182406	0.756060721054971	0.617707900913745	0.679917525408196	1181
556	wordsub.scode.gz	0	45	0.420768	0.767578887103562	0.756686281748798	0.619053507683329	0.680985315000311	1245
591	wordsub.scode.gz	1	90	0.417433	0.758914468471569	0.748621308946464	0.615182975374648	0.675374156777637	115
593	wordsub.scode.gz	1	90	0.417068	0.758709998415357	0.752732445149721	0.616114797714865	0.677606066848344	121
595	wordsub.scode.gz	1	90	0.416055	0.760047573366412	0.752764273795768	0.618811255699403	0.679246597064414	122
597	wordsub.scode.gz	1	90	0.417613	0.745649473574801	0.749837263998357	0.613112429154802	0.674617043769585	120
564	wordsub.scode.gz	0	64	0.415624	0.766024914676349	0.754243494557449	0.61589960454617	0.678087230937216	1191
599	wordsub.scode.gz	1	90	0.415680	0.754768838081866	0.750724721298648	0.612298490371131	0.67448244402578	121
566	wordsub.scode.gz	0	64	0.417358	0.767394012094404	0.758018974346788	0.62485505497663	0.685025501737897	1392
601	wordsub.scode.gz	1	128	0.416748	0.764351668049679	0.756120311651088	0.620731112838378	0.681769135206312	168
562	wordsub.scode.gz	0	64	0.418520	0.750405958257438	0.74927113281145	0.615451142701264	0.675800172908632	1589
572	wordsub.scode.gz	0	64	0.415282	0.76649434384707	0.756381136232985	0.621862686412263	0.682557320556877	1410
574	wordsub.scode.gz	0	64	0.416191	0.761700372987461	0.749707237339354	0.61489471599942	0.67564173956894	1397
603	wordsub.scode.gz	1	128	0.416992	0.767891555897854	0.756978295000771	0.624887350257705	0.684619612027692	171
576	wordsub.scode.gz	0	64	0.418901	0.77029663493405	0.757438990095214	0.616860297826343	0.679959663985633	1481
605	wordsub.scode.gz	1	128	0.416839	0.754705793147868	0.754439908596547	0.616250809339209	0.678379445029862	165
568	wordsub.scode.gz	0	64	0.416670	0.757984129715804	0.756382503446465	0.623193618905878	0.683358811395116	1626
570	wordsub.scode.gz	0	64	0.416269	0.759334484045372	0.752004064444235	0.614336069818795	0.676234577106401	1682
607	wordsub.scode.gz	1	128	0.418142	0.750631727277839	0.748371821277167	0.617874878229955	0.676891147271092	167
609	wordsub.scode.gz	1	128	0.418043	0.760822855662883	0.754230947097018	0.621045809206002	0.681189392202408	162
578	wordsub.scode.gz	0	64	0.418944	0.766301801210803	0.753621575796806	0.61735455572891	0.678715992810165	1607
611	wordsub.scode.gz	1	128	0.417092	0.757183288662306	0.746511153047925	0.610971320019598	0.671974649597345	172
580	wordsub.scode.gz	0	64	0.417502	0.766074328273267	0.75459599647281	0.618049734730163	0.67953128013553	1640
613	wordsub.scode.gz	1	128	0.416160	0.766614470005095	0.757042859537219	0.622193964981585	0.683026279552526	174
615	wordsub.scode.gz	1	128	0.415498	0.769081742016722	0.758036298853309	0.619016506872913	0.681509060288481	170
617	wordsub.scode.gz	1	128	0.415667	0.760153216228788	0.754365338522517	0.61629364573062	0.678375248740929	169
619	wordsub.scode.gz	1	128	0.416174	0.75520248499275	0.750058673516012	0.621964497130307	0.680032051458508	177
582	wordsub.scode.gz	0	90	0.417766	0.768908794427509	0.757905144628922	0.618549024531661	0.681172680356864	1876
590	wordsub.scode.gz	0	90	0.417413	0.767315631906189	0.755565741040905	0.618172183109971	0.679998295760905	1953
588	wordsub.scode.gz	0	90	0.418077	0.756602252919236	0.754696647765386	0.622062420429364	0.681990675411995	2072
621	wordsub.scode.gz	1	256	0.415036	0.766066660646159	0.755185447215511	0.617438731382349	0.679400453172061	337
586	wordsub.scode.gz	0	90	0.417778	0.761023917884825	0.753685420641478	0.6224765757311	0.681826007484579	2177
584	wordsub.scode.gz	0	90	0.417801	0.756026328927572	0.75152996190769	0.616621260218686	0.67742416877484	2331
623	wordsub.scode.gz	1	256	0.415794	0.7570495311672	0.751769935147655	0.619780574852237	0.679424343712255	347
625	wordsub.scode.gz	1	256	0.415214	0.765234297125662	0.755199986868727	0.623053154115855	0.682791455088839	334
627	wordsub.scode.gz	1	256	0.415193	0.761687593608948	0.753773933142514	0.616808490077983	0.678447576278276	343
596	wordsub.scode.gz	0	90	0.416814	0.771375214480569	0.758737578111496	0.624240820484248	0.68494919193745	2269
629	wordsub.scode.gz	1	256	0.415883	0.766761006878714	0.754262545079328	0.620032111118371	0.680592034690666	334
594	wordsub.scode.gz	0	90	0.416445	0.768102841622606	0.756581526037438	0.621862929927542	0.68263904646245	2307
598	wordsub.scode.gz	0	90	0.416380	0.751107120158532	0.747760524963895	0.617295894996746	0.676293661933963	2200
592	wordsub.scode.gz	0	90	0.417034	0.757864003557779	0.75070659850128	0.619628107068176	0.678898238076275	2383
631	wordsub.scode.gz	1	256	0.416677	0.754246587479958	0.750719781093792	0.612801963541105	0.674785800422431	341
633	wordsub.scode.gz	1	256	0.416023	0.776551714737009	0.76050327819912	0.627532408601599	0.687648680010089	344
637	wordsub.scode.gz	1	256	0.416631	0.750383807334682	0.745593369431969	0.608486370443359	0.67009850281648	323
635	wordsub.scode.gz	1	256	0.414473	0.762043712290184	0.753618955990634	0.618570095005158	0.679448868749564	353
639	wordsub.scode.gz	1	256	0.415238	0.768222967780631	0.754744057669792	0.617602075154792	0.679320595698714	361
600	wordsub.scode.gz	0	90	0.416885	0.763637726770072	0.754672461085384	0.619131385607198	0.680215603757795	2429
641	wordsub.scode.gz	1	512	0.414834	0.768426585878276	0.756441140767959	0.620685254891486	0.681871851048413	549
643	wordsub.scode.gz	1	512	0.415421	0.765428543679064	0.756095652897279	0.619783412533831	0.681187112630189	682
645	wordsub.scode.gz	1	512	0.415840	0.758600095760143	0.752562320264022	0.620283909617578	0.6800503772145	654
651	wordsub.scode.gz	1	512	0.416133	0.755412918758935	0.749259465735128	0.615853350211297	0.67603782890368	514
647	wordsub.scode.gz	1	512	0.414653	0.769019549041291	0.762399971184262	0.62567283014115	0.687302491936891	691
649	wordsub.scode.gz	1	512	0.415074	0.761398779654548	0.754157175521173	0.618003256949491	0.679325215470208	681
653	wordsub.scode.gz	1	512	0.416754	0.756801611224043	0.754937563428627	0.620181856121616	0.680956973898643	625
655	wordsub.scode.gz	1	512	0.414492	0.756041664181788	0.750384272243238	0.614398519148061	0.675616645471106	706
657	wordsub.scode.gz	1	512	0.416079	0.760774294024533	0.755869528133577	0.616643866458162	0.679195278097581	661
659	wordsub.scode.gz	1	512	0.414221	0.764122491195008	0.756372400361187	0.616606997403819	0.679375838362952	694
602	wordsub.scode.gz	0	128	0.413388	0.762613672571876	0.754145685448372	0.61792344053226	0.679272330804411	2984
604	wordsub.scode.gz	0	128	0.414150	0.744330641712232	0.751582173263232	0.618717249373183	0.678708386265926	3037
614	wordsub.scode.gz	0	128	0.415820	0.75056868234384	0.747288921305834	0.612130051038739	0.672990468495061	2818
610	wordsub.scode.gz	0	128	0.414359	0.775226919164467	0.760575916598161	0.623468308403062	0.685230965265065	2999
606	wordsub.scode.gz	0	128	0.416336	0.767675158421696	0.756367083385655	0.620457117766069	0.681704084135105	3146
616	wordsub.scode.gz	0	128	0.415823	0.76648752817853	0.755834880600412	0.621016557637184	0.681825159428101	2876
608	wordsub.scode.gz	0	128	0.417837	0.757044419415795	0.752288287741584	0.6165261627885	0.677674627371793	3305
612	wordsub.scode.gz	0	128	0.417336	0.746285886624762	0.755492757398376	0.622838988629526	0.682782423449182	3186
663	wordsub.scode.gz	1	1024	0.414292	0.760304864853812	0.75895774373569	0.625295851264345	0.68567368025201	1079
661	wordsub.scode.gz	1	1024	0.415089	0.753315396765625	0.750957153203201	0.613887066366404	0.675539196542377	1232
669	wordsub.scode.gz	1	1024	0.415168	0.771530270939864	0.759562970070452	0.625051523110116	0.685773540113689	1041
673	wordsub.scode.gz	1	1024	0.413073	0.77192131992237	0.761684389913652	0.624713452782743	0.68643281242883	936
667	wordsub.scode.gz	1	1024	0.413865	0.767886444146448	0.760080384343287	0.621264098541454	0.683697166997662	1118
665	wordsub.scode.gz	1	1024	0.414198	0.769752233409385	0.758108792237283	0.622523707298722	0.683658679681837	1195
677	wordsub.scode.gz	1	1024	0.414294	0.765970389328026	0.757283727342908	0.62148055183578	0.682694084656268	888
618	wordsub.scode.gz	0	128	0.416713	0.758159633180719	0.748940252710504	0.616921085119172	0.67655042367003	3103
671	wordsub.scode.gz	1	1024	0.414656	0.768173554183713	0.759008710634866	0.620171701728768	0.682602101192363	1232
675	wordsub.scode.gz	1	1024	0.412570	0.77347273647388	0.763532644558905	0.628985910174388	0.689759247736159	1084
620	wordsub.scode.gz	0	128	0.416983	0.761115077451553	0.752908600450674	0.615808564085423	0.677492145410831	2980
679	wordsub.scode.gz	1	1024	0.414590	0.761896323457998	0.758224328562938	0.625737545365452	0.685639451677395	1066
