3	1	-12.761808	0.351630	0.742202	0.731254	0.595592	0.656488	1136
5	1	-12.761003	0.350914	0.744038	0.736800	0.607347	0.665840	1137
1	1	-12.758224	0.350509	0.748375	0.739545	0.602431	0.663983	1140
6	1	-12.758734	0.348760	0.747094	0.731588	0.596932	0.657436	1150
7	1	-12.758470	0.348572	0.759622	0.740329	0.603331	0.664846	1152
10	1	-12.758720	0.351513	0.746521	0.734344	0.602273	0.661784	1157
9	1	-12.759322	0.350955	0.746184	0.731291	0.601278	0.659942	1164
2	1	-12.760801	0.350133	0.753256	0.739796	0.603137	0.664514	1168
4	1	-12.757112	0.347353	0.761323	0.743963	0.609990	0.670348	1190
8	1	-12.758204	0.351304	0.752690	0.743954	0.614785	0.673230	1200
14	2	-12.781541	0.340835	0.756587	0.739883	0.606262	0.666441	1258
11	2	-12.777012	0.342340	0.755366	0.744189	0.615960	0.674030	1258
16	2	-12.780468	0.340398	0.749450	0.741453	0.608594	0.668486	1279
12	2	-12.777435	0.340540	0.752409	0.743628	0.609478	0.669903	1325
13	2	-12.778156	0.337607	0.759281	0.742840	0.607667	0.668489	1329
15	2	-12.780812	0.340433	0.768525	0.751078	0.613239	0.675195	1331
19	2	-12.781758	0.335895	0.772131	0.756078	0.624264	0.683877	1287
20	2	-12.781362	0.342724	0.760192	0.742528	0.609491	0.669464	1303
17	2	-12.780387	0.341571	0.760557	0.748297	0.617339	0.676539	1325
18	2	-12.781903	0.338110	0.755580	0.745041	0.610320	0.670985	1368
24	3	-12.786199	0.336406	0.768380	0.751681	0.614966	0.676485	1348
26	3	-12.788215	0.338553	0.765024	0.751392	0.613797	0.675661	1345
21	3	-12.788301	0.335467	0.773409	0.754634	0.619603	0.680485	1428
27	3	-12.788833	0.337523	0.758110	0.747878	0.619585	0.677713	1331
23	3	-12.788169	0.336881	0.769662	0.753622	0.618495	0.679404	1432
28	3	-12.786505	0.340431	0.758143	0.748114	0.618099	0.676920	1348
22	3	-12.789621	0.336223	0.768967	0.752944	0.612574	0.675544	1493
25	3	-12.788459	0.335037	0.752181	0.743723	0.607320	0.668636	1468
29	3	-12.788106	0.337611	0.757171	0.742276	0.610232	0.669808	1401
30	3	-12.788108	0.336560	0.751080	0.744842	0.613840	0.673026	1463
32	4	-12.792898	0.333646	0.769302	0.754489	0.624921	0.683620	1549
31	4	-12.792433	0.335306	0.760657	0.747395	0.612357	0.673171	1587
33	4	-12.790766	0.339038	0.758845	0.750434	0.615978	0.676591	1586
34	4	-12.791827	0.333185	0.758960	0.750756	0.617042	0.677363	1581
38	4	-12.792053	0.332891	0.758064	0.749838	0.617787	0.677438	1511
37	4	-12.794917	0.332919	0.765348	0.749248	0.612874	0.674234	1599
36	4	-12.792026	0.337184	0.754762	0.748046	0.613501	0.674126	1612
35	4	-12.792713	0.334349	0.766655	0.752913	0.618372	0.679042	1677
39	4	-12.792469	0.333380	0.771395	0.756403	0.619008	0.680843	1701
41	6	-12.796893	0.331406	0.755481	0.743406	0.608945	0.669491	1703
40	4	-12.791249	0.332543	0.755207	0.746012	0.612395	0.672632	1738
42	6	-12.796032	0.333232	0.760341	0.753447	0.618687	0.679449	1751
45	6	-12.796273	0.334025	0.761210	0.749452	0.616897	0.676745	1709
44	6	-12.796632	0.330474	0.756561	0.749907	0.617554	0.677326	1732
43	6	-12.795497	0.330670	0.761618	0.754248	0.619759	0.680421	1762
47	6	-12.796269	0.333204	0.754751	0.745699	0.614608	0.673837	1756
46	6	-12.796201	0.330934	0.751119	0.744654	0.612580	0.672191	1852
48	6	-12.795875	0.331507	0.762560	0.750578	0.621446	0.679936	1894
50	6	-12.795979	0.329048	0.771672	0.756342	0.620921	0.681974	1811
49	6	-12.796690	0.337858	0.771616	0.755406	0.621806	0.682126	1880
51	8	-12.798201	0.330211	0.767951	0.758238	0.618239	0.681119	2000
52	8	-12.799780	0.335012	0.777882	0.760919	0.627201	0.687619	2002
53	8	-12.799200	0.331170	0.757304	0.748796	0.614558	0.675069	2012
54	8	-12.798426	0.331114	0.773141	0.763239	0.628528	0.689364	2154
57	8	-12.798170	0.330055	0.763009	0.751014	0.617228	0.677580	2017
55	8	-12.799941	0.330043	0.757775	0.753145	0.626909	0.684253	2070
60	8	-12.798751	0.332326	0.758297	0.752615	0.616513	0.677799	2001
59	8	-12.798305	0.326509	0.757958	0.750497	0.617024	0.677247	2007
58	8	-12.798651	0.333191	0.743500	0.741026	0.611599	0.670120	2052
56	8	-12.798534	0.328749	0.767324	0.753535	0.618944	0.679640	2235
61	10	-12.800175	0.323156	0.768209	0.755861	0.617939	0.679977	2315
64	10	-12.800372	0.332649	0.750553	0.745554	0.612042	0.672233	2196
62	10	-12.800681	0.330163	0.755856	0.746047	0.612996	0.673009	2419
63	10	-12.800413	0.329567	0.775796	0.757140	0.625019	0.684765	2491
65	10	-12.800367	0.326116	0.778695	0.761310	0.624606	0.686216	2305
66	10	-12.799665	0.328872	0.756847	0.746313	0.609399	0.670943	2309
68	10	-12.800178	0.327435	0.764896	0.753297	0.619330	0.679776	2392
69	10	-12.800283	0.328148	0.766804	0.757406	0.624390	0.684496	2400
67	10	-12.799939	0.328951	0.749643	0.747901	0.610619	0.672324	2494
70	10	-12.799430	0.329400	0.769607	0.755235	0.617810	0.679646	2383
73	12	-12.801330	0.326079	0.772731	0.758737	0.620477	0.682677	2510
71	12	-12.802257	0.330749	0.770712	0.757691	0.620120	0.682037	2564
72	12	-12.802082	0.325961	0.770963	0.759460	0.622944	0.684462	2601
74	12	-12.801325	0.327336	0.771584	0.759573	0.627035	0.686970	2675
75	12	-12.801665	0.329899	0.761516	0.753962	0.617907	0.679188	2831
77	12	-12.801477	0.324040	0.770198	0.757922	0.619673	0.681860	2532
76	12	-12.801469	0.329836	0.766527	0.752233	0.613680	0.675929	2738
80	12	-12.801807	0.326010	0.768111	0.759584	0.620947	0.683304	2372
79	12	-12.801450	0.327142	0.765197	0.756233	0.619821	0.681266	2490
78	12	-12.801523	0.331122	0.762121	0.756315	0.624164	0.683914	2683
82	16	-12.802960	0.329980	0.767186	0.761385	0.625005	0.686487	3071
81	16	-12.801992	0.327871	0.757418	0.751266	0.614977	0.676324	3183
83	16	-12.803455	0.326611	0.756768	0.748970	0.617336	0.676812	3104
84	16	-12.802090	0.328533	0.773269	0.761675	0.621428	0.684441	3120
85	16	-12.803805	0.325088	0.769797	0.757114	0.621274	0.682500	3167
86	16	-12.802563	0.329971	0.764315	0.751325	0.617614	0.677940	3257
89	16	-12.802254	0.328893	0.770515	0.755642	0.617792	0.679799	3159
90	16	-12.803573	0.331190	0.766082	0.761344	0.629897	0.689411	3084
88	16	-12.802886	0.327181	0.770502	0.758414	0.622962	0.684047	3279
87	16	-12.802752	0.327151	0.750120	0.743619	0.609445	0.669880	3323
91	25	-12.803432	0.328809	0.768177	0.759370	0.631566	0.689596	4204
93	25	-12.804272	0.329268	0.749753	0.752403	0.617485	0.678300	4266
92	25	-12.804014	0.326952	0.758102	0.750175	0.617325	0.677297	4620
96	25	-12.804375	0.330060	0.755727	0.748956	0.614688	0.675212	4253
94	25	-12.804938	0.327845	0.766180	0.758181	0.625621	0.685552	4438
95	25	-12.804337	0.326247	0.765037	0.753707	0.616037	0.677954	4501
98	25	-12.803476	0.329159	0.754900	0.749348	0.617589	0.677119	4453
97	25	-12.805088	0.327261	0.763135	0.753480	0.622752	0.681907	4629
99	25	-12.804307	0.328537	0.765169	0.756098	0.621246	0.682071	4310
100	25	-12.804374	0.327344	0.764210	0.753613	0.624434	0.682969	4642
101	32	-12.804985	0.325357	0.771554	0.761148	0.628134	0.688273	5069
103	32	-12.805584	0.323837	0.766892	0.757430	0.617119	0.680113	5146
102	32	-12.805094	0.327310	0.758806	0.748580	0.615309	0.675433	5397
104	32	-12.805275	0.325589	0.754698	0.748812	0.613294	0.674312	5226
106	32	-12.804858	0.325853	0.755928	0.754902	0.623966	0.683217	5272
105	32	-12.804362	0.328746	0.755807	0.748198	0.611094	0.672731	5452
107	32	-12.804878	0.330935	0.761262	0.756188	0.623039	0.683186	5207
108	32	-12.805325	0.323827	0.768882	0.759085	0.624041	0.684970	5327
109	32	-12.805036	0.326769	0.770629	0.764979	0.626801	0.689031	5446
110	32	-12.805167	0.326400	0.769478	0.757196	0.627154	0.686067	5381
111	45	-12.805730	0.328110	0.744956	0.751566	0.618361	0.678487	6675
112	45	-12.805766	0.327859	0.755861	0.751373	0.619240	0.678937	7006
115	45	-12.805764	0.328468	0.755687	0.751240	0.618702	0.678559	6729
114	45	-12.805974	0.327025	0.763826	0.755754	0.622760	0.682841	7086
113	45	-12.805469	0.325018	0.773085	0.757116	0.618601	0.680885	7358
116	45	-12.805911	0.326901	0.770216	0.760118	0.624236	0.685508	7067
117	45	-12.805228	0.328855	0.751565	0.748115	0.617368	0.676482	7175
118	45	-12.805494	0.324134	0.761095	0.751581	0.614370	0.676084	7135
119	45	-12.805462	0.329166	0.755611	0.753440	0.614701	0.677036	7348
120	45	-12.805511	0.325729	0.756300	0.752385	0.616189	0.677510	7594
121	64	-12.806121	0.325901	0.776311	0.764242	0.633944	0.693022	9576
122	64	-12.805903	0.326080	0.777194	0.763198	0.629313	0.689819	9735
123	64	-12.806017	0.330342	0.761787	0.750493	0.615340	0.676230	9428
124	64	-12.806197	0.325784	0.759014	0.751966	0.617911	0.678379	9477
125	64	-12.806352	0.330007	0.766841	0.751991	0.617209	0.677966	9685
126	64	-12.806071	0.326466	0.764019	0.756487	0.620486	0.681770	9710
127	64	-12.805848	0.324522	0.766518	0.751754	0.614740	0.676378	9695
128	64	-12.806452	0.328019	0.769382	0.755791	0.616617	0.679147	9583
129	64	-12.806123	0.322797	0.773356	0.762444	0.628253	0.688874	9728
130	64	-12.806251	0.328586	0.771921	0.757046	0.618197	0.680612	9882
131	90	-12.805803	0.322021	0.776200	0.762449	0.629501	0.689626	13455
132	90	-12.805821	0.326323	0.744414	0.750152	0.619480	0.678583	13253
133	90	-12.805356	0.328259	0.765197	0.757834	0.626388	0.685870	13072
134	90	-12.806066	0.326901	0.753524	0.749520	0.618788	0.677909	13248
135	90	-12.806050	0.327202	0.777463	0.767469	0.632361	0.693395	13205
136	90	-12.805475	0.328112	0.763010	0.752490	0.619567	0.679590	13281
138	90	-12.806098	0.328047	0.757326	0.751616	0.616435	0.677346	12594
137	90	-12.805650	0.323327	0.762351	0.757473	0.620442	0.682144	13247
139	90	-12.806032	0.324737	0.762538	0.757487	0.621239	0.682631	12831
140	90	-12.805992	0.324477	0.769622	0.760492	0.624433	0.685779	12898
